<?xml version="1.0" encoding="UTF-8"?>
<!-- Generated by org.testng.reporters.JUnitXMLReporter -->
<testsuite hostname="WV621" ignored="1" name="Default test" tests="4" failures="0" timestamp="04 Jul 2017 11:14:24 GMT" time="0.039" errors="0">
  <testcase name="unit1" time="0.009" classname="testNG_framework.UnitTest"/>
  <testcase name="unit3" time="0.001" classname="testNG_framework.UnitTest"/>
  <testcase name="unit4" time="0.001" classname="testNG_framework.UnitTest"/>
  <testcase name="unit5" time="0.001" classname="testNG_framework.UnitTest"/>
  <testcase name="unit2" time="0.0" classname="testNG_framework.UnitTest">
    <ignored/>
  </testcase> <!-- unit2 -->
</testsuite> <!-- Default test -->
