<?xml version="1.0" encoding="UTF-8"?>
<!-- Generated by org.testng.reporters.JUnitXMLReporter -->
<testsuite hostname="wv589" ignored="12" name="FeatureTesting" tests="3" failures="0" timestamp="29 May 2017 04:05:06 GMT" time="0.012" errors="0">
  <testcase name="unit3" time="0.002" classname="testNG_framework.UnitTest"/>
  <testcase name="function3" time="0.001" classname="testNG_framework.Functional"/>
  <testcase name="sanity3" time="0.001" classname="testNG_framework.SanityTests"/>
  <testcase name="unit1" time="0.0" classname="testNG_framework.UnitTest">
    <ignored/>
  </testcase> <!-- unit1 -->
  <testcase name="function5" time="0.0" classname="testNG_framework.Functional">
    <ignored/>
  </testcase> <!-- function5 -->
  <testcase name="unit4" time="0.0" classname="testNG_framework.UnitTest">
    <ignored/>
  </testcase> <!-- unit4 -->
  <testcase name="unit5" time="0.0" classname="testNG_framework.UnitTest">
    <ignored/>
  </testcase> <!-- unit5 -->
  <testcase name="function4" time="0.0" classname="testNG_framework.Functional">
    <ignored/>
  </testcase> <!-- function4 -->
  <testcase name="function1" time="0.0" classname="testNG_framework.Functional">
    <ignored/>
  </testcase> <!-- function1 -->
  <testcase name="function2" time="0.0" classname="testNG_framework.Functional">
    <ignored/>
  </testcase> <!-- function2 -->
  <testcase name="sanity5" time="0.0" classname="testNG_framework.SanityTests">
    <ignored/>
  </testcase> <!-- sanity5 -->
  <testcase name="sanity4" time="0.0" classname="testNG_framework.SanityTests">
    <ignored/>
  </testcase> <!-- sanity4 -->
  <testcase name="sanity1" time="0.0" classname="testNG_framework.SanityTests">
    <ignored/>
  </testcase> <!-- sanity1 -->
  <testcase name="unit2" time="0.0" classname="testNG_framework.UnitTest">
    <ignored/>
  </testcase> <!-- unit2 -->
  <testcase name="sanity2" time="0.0" classname="testNG_framework.SanityTests">
    <ignored/>
  </testcase> <!-- sanity2 -->
</testsuite> <!-- FeatureTesting -->
