<?xml version="1.0" encoding="UTF-8"?>
<!-- Generated by org.testng.reporters.JUnitXMLReporter -->
<testsuite hostname="wv589" ignored="0" name="SanityTesting" tests="5" failures="0" timestamp="29 May 2017 03:59:54 GMT" time="0.022" errors="0">
  <testcase name="sanity1" time="0.001" classname="testNG_framework.SanityTests"/>
  <testcase name="sanity2" time="0.002" classname="testNG_framework.SanityTests"/>
  <testcase name="sanity3" time="0.002" classname="testNG_framework.SanityTests"/>
  <testcase name="sanity4" time="0.002" classname="testNG_framework.SanityTests"/>
  <testcase name="sanity5" time="0.001" classname="testNG_framework.SanityTests"/>
</testsuite> <!-- SanityTesting -->
