<?xml version="1.0" encoding="UTF-8"?>
<!-- Generated by org.testng.reporters.JUnitXMLReporter -->
<testsuite hostname="wv589" name="Kontackt_form" tests="4" failures="1" timestamp="23 Jun 2017 11:40:30 GMT" time="86.076" errors="0">
  <testcase name="formfillUp" time="6.413" classname="testCases.KontaktPageTest"/>
  <testcase name="formfillUp" time="6.032" classname="testCases.KontaktPageTest">
    <failure type="java.lang.AssertionError" message="Please enter correct email id expected [Die Nachricht wurde erfolgreich übermittelt.] but found [Bitte geben Sie eine gültige E-Mail-Adresse ein.]">
      <![CDATA[java.lang.AssertionError: Please enter correct email id expected [Die Nachricht wurde erfolgreich übermittelt.] but found [Bitte geben Sie eine gültige E-Mail-Adresse ein.]
	at pageObjects.KontaktPage.formvalidation(KontaktPage.java:82)
	at pageObjects.KontaktPage.formSubmit(KontaktPage.java:61)
	at testCases.KontaktPageTest.formfillUp(KontaktPageTest.java:41)
... Removed 28 stack frames]]>
    </failure>
  </testcase> <!-- formfillUp -->
  <testcase name="formfillUp" time="6.026" classname="testCases.KontaktPageTest"/>
  <testcase name="formfillUp" time="6.066" classname="testCases.KontaktPageTest"/>
</testsuite> <!-- Kontackt_form -->
