<?xml version="1.0" encoding="UTF-8"?>
<testng-results skipped="0" failed="1" total="4" passed="3">
  <reporter-output>
  </reporter-output>
  <suite name="Suite" duration-ms="25229" started-at="2017-07-07T10:44:14Z" finished-at="2017-07-07T10:44:39Z">
    <groups>
    </groups>
    <test name="TestIE" duration-ms="3354" started-at="2017-07-07T10:44:14Z" finished-at="2017-07-07T10:44:18Z">
      <class name="testNG_framework.ParallelTest">
        <test-method status="PASS" signature="crossbrosertest(java.lang.String)[pri:0, instance:testNG_framework.ParallelTest@20e2cbe0]" name="crossbrosertest" duration-ms="3334" started-at="2017-07-07T16:14:14Z" finished-at="2017-07-07T16:14:18Z">
          <params>
            <param index="0">
              <value>
                <![CDATA[ie]]>
              </value>
            </param>
          </params>
          <reporter-output>
          </reporter-output>
        </test-method> <!-- crossbrosertest -->
      </class> <!-- testNG_framework.ParallelTest -->
    </test> <!-- TestIE -->
    <test name="TestChrome" duration-ms="12799" started-at="2017-07-07T10:44:14Z" finished-at="2017-07-07T10:44:27Z">
      <class name="testNG_framework.ParallelTest">
        <test-method status="PASS" signature="crossbrosertest(java.lang.String)[pri:0, instance:testNG_framework.ParallelTest@d2cc05a]" name="crossbrosertest" duration-ms="12778" started-at="2017-07-07T16:14:14Z" finished-at="2017-07-07T16:14:27Z">
          <params>
            <param index="0">
              <value>
                <![CDATA[chrome]]>
              </value>
            </param>
          </params>
          <reporter-output>
          </reporter-output>
        </test-method> <!-- crossbrosertest -->
      </class> <!-- testNG_framework.ParallelTest -->
    </test> <!-- TestChrome -->
    <test name="TestEdge" duration-ms="23063" started-at="2017-07-07T10:44:14Z" finished-at="2017-07-07T10:44:37Z">
      <class name="testNG_framework.ParallelTest">
        <test-method status="FAIL" signature="crossbrosertest(java.lang.String)[pri:0, instance:testNG_framework.ParallelTest@1b604f19]" name="crossbrosertest" duration-ms="23029" started-at="2017-07-07T16:14:14Z" finished-at="2017-07-07T16:14:37Z">
          <params>
            <param index="0">
              <value>
                <![CDATA[edge]]>
              </value>
            </param>
          </params>
          <exception class="org.openqa.selenium.WebDriverException">
            <message>
              <![CDATA[Timed out waiting for driver server to start.
Build info: version: '3.4.0', revision: 'unknown', time: 'unknown'
System info: host: 'WV589', ip: '192.168.91.2', os.name: 'Windows 10', os.arch: 'amd64', os.version: '10.0', java.version: '1.8.0_131'
Driver info: driver.version: EdgeDriver]]>
            </message>
            <full-stacktrace>
              <![CDATA[org.openqa.selenium.WebDriverException: Timed out waiting for driver server to start.
Build info: version: '3.4.0', revision: 'unknown', time: 'unknown'
System info: host: 'WV589', ip: '192.168.91.2', os.name: 'Windows 10', os.arch: 'amd64', os.version: '10.0', java.version: '1.8.0_131'
Driver info: driver.version: EdgeDriver
	at org.openqa.selenium.remote.service.DriverService.waitUntilAvailable(DriverService.java:193)
	at org.openqa.selenium.remote.service.DriverService.start(DriverService.java:181)
	at org.openqa.selenium.remote.service.DriverCommandExecutor.execute(DriverCommandExecutor.java:78)
	at org.openqa.selenium.remote.RemoteWebDriver.execute(RemoteWebDriver.java:637)
	at org.openqa.selenium.remote.RemoteWebDriver.startSession(RemoteWebDriver.java:250)
	at org.openqa.selenium.remote.RemoteWebDriver.startSession(RemoteWebDriver.java:236)
	at org.openqa.selenium.remote.RemoteWebDriver.<init>(RemoteWebDriver.java:137)
	at org.openqa.selenium.edge.EdgeDriver.<init>(EdgeDriver.java:150)
	at org.openqa.selenium.edge.EdgeDriver.<init>(EdgeDriver.java:139)
	at org.openqa.selenium.edge.EdgeDriver.<init>(EdgeDriver.java:96)
	at testNG_framework.ParallelTest.crossbrosertest(ParallelTest.java:44)
	at sun.reflect.NativeMethodAccessorImpl.invoke0(Native Method)
	at sun.reflect.NativeMethodAccessorImpl.invoke(Unknown Source)
	at sun.reflect.DelegatingMethodAccessorImpl.invoke(Unknown Source)
	at java.lang.reflect.Method.invoke(Unknown Source)
	at org.testng.internal.MethodInvocationHelper.invokeMethod(MethodInvocationHelper.java:84)
	at org.testng.internal.Invoker.invokeMethod(Invoker.java:714)
	at org.testng.internal.Invoker.invokeTestMethod(Invoker.java:901)
	at org.testng.internal.Invoker.invokeTestMethods(Invoker.java:1231)
	at org.testng.internal.TestMethodWorker.invokeTestMethods(TestMethodWorker.java:127)
	at org.testng.internal.TestMethodWorker.run(TestMethodWorker.java:111)
	at org.testng.TestRunner.privateRun(TestRunner.java:767)
	at org.testng.TestRunner.run(TestRunner.java:617)
	at org.testng.SuiteRunner.runTest(SuiteRunner.java:334)
	at org.testng.SuiteRunner.access$000(SuiteRunner.java:37)
	at org.testng.SuiteRunner$SuiteWorker.run(SuiteRunner.java:368)
	at org.testng.internal.thread.ThreadUtil$2.call(ThreadUtil.java:64)
	at java.util.concurrent.FutureTask.run(Unknown Source)
	at java.util.concurrent.ThreadPoolExecutor.runWorker(Unknown Source)
	at java.util.concurrent.ThreadPoolExecutor$Worker.run(Unknown Source)
	at java.lang.Thread.run(Unknown Source)
Caused by: org.openqa.selenium.net.UrlChecker$TimeoutException: Timed out waiting for [http://localhost:6628/status] to be available after 20000 ms
	at org.openqa.selenium.net.UrlChecker.waitUntilAvailable(UrlChecker.java:107)
	at org.openqa.selenium.remote.service.DriverService.waitUntilAvailable(DriverService.java:190)
	... 30 more
Caused by: com.google.common.util.concurrent.UncheckedTimeoutException: java.util.concurrent.TimeoutException
	at com.google.common.util.concurrent.SimpleTimeLimiter.callWithTimeout(SimpleTimeLimiter.java:140)
	at org.openqa.selenium.net.UrlChecker.waitUntilAvailable(UrlChecker.java:80)
	... 31 more
Caused by: java.util.concurrent.TimeoutException
	at java.util.concurrent.FutureTask.get(Unknown Source)
	at com.google.common.util.concurrent.SimpleTimeLimiter.callWithTimeout(SimpleTimeLimiter.java:128)
	... 32 more
]]>
            </full-stacktrace>
          </exception> <!-- org.openqa.selenium.WebDriverException -->
          <reporter-output>
          </reporter-output>
        </test-method> <!-- crossbrosertest -->
      </class> <!-- testNG_framework.ParallelTest -->
    </test> <!-- TestEdge -->
    <test name="TestFirefox" duration-ms="25229" started-at="2017-07-07T10:44:14Z" finished-at="2017-07-07T10:44:39Z">
      <class name="testNG_framework.ParallelTest">
        <test-method status="PASS" signature="crossbrosertest(java.lang.String)[pri:0, instance:testNG_framework.ParallelTest@2669b199]" name="crossbrosertest" duration-ms="25211" started-at="2017-07-07T16:14:14Z" finished-at="2017-07-07T16:14:39Z">
          <params>
            <param index="0">
              <value>
                <![CDATA[firefox]]>
              </value>
            </param>
          </params>
          <reporter-output>
          </reporter-output>
        </test-method> <!-- crossbrosertest -->
      </class> <!-- testNG_framework.ParallelTest -->
    </test> <!-- TestFirefox -->
  </suite> <!-- Suite -->
</testng-results>
