<?xml version="1.0" encoding="UTF-8"?>
<!-- Generated by org.testng.reporters.JUnitXMLReporter -->
<testsuite hostname="wv589" ignored="2" name="FunctioanlTesting" tests="8" failures="0" timestamp="29 May 2017 04:05:06 GMT" time="0.042" errors="0">
  <testcase name="function1" time="0.003" classname="testNG_framework.Functional"/>
  <testcase name="function3" time="0.002" classname="testNG_framework.Functional"/>
  <testcase name="function4" time="0.002" classname="testNG_framework.Functional"/>
  <testcase name="function5" time="0.001" classname="testNG_framework.Functional"/>
  <testcase name="sanity1" time="0.001" classname="testNG_framework.SanityTests"/>
  <testcase name="sanity3" time="0.001" classname="testNG_framework.SanityTests"/>
  <testcase name="sanity4" time="0.003" classname="testNG_framework.SanityTests"/>
  <testcase name="sanity5" time="0.004" classname="testNG_framework.SanityTests"/>
  <testcase name="function2" time="0.0" classname="testNG_framework.Functional">
    <ignored/>
  </testcase> <!-- function2 -->
  <testcase name="sanity2" time="0.0" classname="testNG_framework.SanityTests">
    <ignored/>
  </testcase> <!-- sanity2 -->
</testsuite> <!-- FunctioanlTesting -->
