<?xml version="1.0" encoding="UTF-8"?>
<!-- Generated by org.testng.reporters.JUnitXMLReporter -->
<testsuite hostname="wv589" ignored="1" name="UnitTesting" tests="4" failures="0" timestamp="29 May 2017 04:05:05 GMT" time="0.04" errors="0">
  <testcase name="unit1" time="0.008" classname="testNG_framework.UnitTest"/>
  <testcase name="unit3" time="0.002" classname="testNG_framework.UnitTest"/>
  <testcase name="unit4" time="0.001" classname="testNG_framework.UnitTest"/>
  <testcase name="unit5" time="0.002" classname="testNG_framework.UnitTest"/>
  <testcase name="unit2" time="0.0" classname="testNG_framework.UnitTest">
    <ignored/>
  </testcase> <!-- unit2 -->
</testsuite> <!-- UnitTesting -->
